{"level":"info","message":"Connection has been established successfully."}
{"level":"info","message":"A user connected..."}
{"level":"info","message":"a user disconnected!"}
{"level":"info","message":"A user connected..."}
{"level":"info","message":"========== { maintenance: false, status: 'not_started' } =========="}
{"level":"info","message":"A user connected..."}
{"level":"info","message":"A user connected..."}
{"level":"info","message":"========== { maintenance: false, status: 'not_started' } =========="}
{"level":"info","message":"========== { loadData: false } =========="}
{"level":"info","message":"========== { loadData: false } =========="}
{"level":"info","message":"========== { loadData: false } =========="}
{"level":"info","message":"========== { loadData: false } =========="}
{"level":"info","message":"a user disconnected!"}
{"level":"info","message":"A user connected..."}
{"level":"info","message":"========== { maintenance: false, status: 'not_started' } =========="}
{"level":"info","message":"A user connected..."}
{"level":"info","message":"========== { maintenance: false, status: 'not_started' } =========="}
{"level":"info","message":"A user connected..."}
{"level":"info","message":"A user connected..."}
{"level":"info","message":"========== { maintenance: false, status: 'not_started' } =========="}
{"level":"info","message":"A user connected..."}
{"level":"info","message":"a user disconnected!"}
{"level":"info","message":"a user disconnected!"}
{"level":"info","message":"A user connected..."}
{"level":"info","message":"========== { maintenance: false, status: 'not_started' } =========="}
{"level":"info","message":"A user connected..."}
{"level":"info","message":"========== { maintenance: false, status: 'not_started' } =========="}
{"level":"info","message":"A user connected..."}
{"level":"info","message":"A user connected..."}
{"level":"info","message":"a user disconnected!"}
{"level":"info","message":"a user disconnected!"}
{"level":"info","message":"Connection has been established successfully."}
{"level":"info","message":"A user connected..."}
{"level":"info","message":"A user connected..."}
{"level":"info","message":"A user connected..."}
{"level":"info","message":"a user disconnected!"}
{"level":"info","message":"a user disconnected!"}
{"level":"info","message":"a user disconnected!"}
{"level":"info","message":"A user connected..."}
{"level":"info","message":"a user disconnected!"}
{"level":"info","message":"A user connected..."}
{"level":"info","message":"a user disconnected!"}
{"level":"info","message":"A user connected..."}
{"level":"info","message":"a user disconnected!"}
{"level":"info","message":"A user connected..."}
{"level":"info","message":"========== { maintenance: false, status: 'not_started' } =========="}
{"level":"info","message":"A user connected..."}
{"level":"info","message":"========== { maintenance: false, status: 'not_started' } =========="}
{"level":"info","message":"A user connected..."}
{"level":"info","message":"A user connected..."}
{"level":"info","message":"A user connected..."}
{"level":"info","message":"========== { maintenance: false, status: 'not_started' } =========="}
{"level":"info","message":"========== { loadData: false } =========="}
{"level":"info","message":"========== { loadData: false } =========="}
{"level":"info","message":"Connection has been established successfully."}
{"level":"info","message":"A user connected..."}
{"level":"info","message":"A user connected..."}
{"level":"info","message":"a user disconnected!"}
{"level":"info","message":"a user disconnected!"}
{"level":"info","message":"A user connected..."}
{"level":"info","message":"A user connected..."}
{"level":"info","message":"========== { maintenance: false, status: 'not_started' } =========="}
{"level":"info","message":"A user connected..."}
{"level":"info","message":"========== { maintenance: false, status: 'not_started' } =========="}
{"level":"info","message":"A user connected..."}
{"level":"info","message":"========== { maintenance: false, status: 'not_started' } =========="}
{"level":"info","message":"A user connected..."}
{"level":"info","message":"A user connected..."}
{"level":"info","message":"========== { maintenance: false, status: 'not_started' } =========="}
{"level":"info","message":"Connection has been established successfully."}
{"level":"info","message":"A user connected..."}
{"level":"info","message":"a user disconnected!"}
