{"level":"info","message":"Connection has been established successfully."}
{"level":"info","message":"Connection has been established successfully."}
{"level":"info","message":"A user connected..."}
{"level":"info","message":"A user connected..."}
{"level":"info","message":"========== { maintenance: false, status: 'not_started' } =========="}
{"level":"info","message":"========== { maintenance: false, status: 'not_started' } =========="}
{"level":"info","message":"A user connected..."}
{"level":"info","message":"A user connected..."}
{"level":"info","message":"A user connected..."}
{"level":"info","message":"========== { maintenance: false, status: 'not_started' } =========="}
{"level":"info","message":"A user connected..."}
{"level":"info","message":"========== { maintenance: false, status: 'not_started' } =========="}
{"level":"info","message":"A user connected..."}
{"level":"info","message":"A user connected..."}
{"level":"info","message":"A user connected..."}
{"level":"info","message":"========== { maintenance: false, status: 'not_started' } =========="}
{"level":"info","message":"A user connected..."}
{"level":"info","message":"A user connected..."}
{"level":"info","message":"========== { maintenance: false, status: 'not_started' } =========="}
{"level":"info","message":"A user connected..."}
{"level":"info","message":"========== { maintenance: false, status: 'not_started' } =========="}
{"level":"info","message":"a user disconnected!"}
{"level":"info","message":"a user disconnected!"}
{"level":"info","message":"a user disconnected!"}
{"level":"info","message":"A user connected..."}
{"level":"info","message":"A user connected..."}
{"level":"info","message":"========== { maintenance: false, status: 'not_started' } =========="}
{"level":"info","message":"A user connected..."}
{"level":"info","message":"========== { maintenance: false, status: 'not_started' } =========="}
{"level":"info","message":"A user connected..."}
{"level":"info","message":"A user connected..."}
{"level":"info","message":"========== { maintenance: false, status: 'not_started' } =========="}
{"level":"info","message":"SELECT t.id,t.task_id,t.is_completed,t.deleted_at, t.title,t.note,t.user_profile_id,t.status_id,t.category_id,t.company_id,t.user_profile_id,t.deleted_by,c.name as company_name, c.logo as company_logo, c.initials as company_initials, c.fontcolor as company_fontcolor, c.bgcolor as company_bgcolor, ca.name as category_name, ca.background_color as category_color,up.name as accountant_name, up.photo as accountant_photo, up.initials, up.fontcolor, up.bgcolor, s.status,s.state,upr.name as accountantName, upr.photo as accountantPhoto, upr.initials as deleteInitials, upr.fontcolor as fontColor, upr.bgcolor as bgColor,  s.color_code,ta.is_repeat as is_repeat,ta.task_date as task_start_date, DATE_FORMAT(t.date_delete, '%Y-%m-%d') as deletedAt, ta.repeat_end as task_end_date, ta.repeat_string, ta.repeat_freq, ta.task_ref_id, DATE_FORMAT(t.task_date, '%Y-%m-%d') AS task_date,DATE_FORMAT(t.delete_on, '%d.%m.%Y %H:%i') AS delete_on FROM `task_details` as t LEFT JOIN tasks AS ta on t.task_id = ta.id AND t.task_id IS NOT NULL LEFT JOIN companies AS c on t.company_id = c.id AND t.company_id IS NOT NULL LEFT JOIN categories AS ca on t.category_id = ca.id AND t.category_id IS NOT NULL LEFT JOIN user_profile AS up on t.user_profile_id = up.id AND t.user_profile_id IS NOT NULL LEFT JOIN user_profile AS upr on t.deleted_by = upr.id  LEFT JOIN statuses AS s on t.status_id = s.id AND t.status_id != '' WHERE t.deleted_at IS NULL AND t.task_id = :task_id AND DATE_FORMAT(t.task_date, '%Y-%m-%d') IN (:all_dates)  ORDER BY t.task_date ASC"}
{"level":"info","message":"Query WITH RECURSIVE file_path (id, filename, s3_upload, uuid, filepath, is_folder, is_physical, parent_id, client_id, company_id, deleted_at, size, path, actual_path) AS (SELECT id, filename, s3_upload, uuid, filepath, is_folder, is_physical, parent_id, client_id, company_id, deleted_at, size, filepath as path, filepath as actual_path FROM files WHERE parent_id = 0 UNION ALL SELECT f.id, f.filename, f.s3_upload, f.uuid, f.filepath, f.is_folder, f.is_physical, f.parent_id, f.client_id, f.company_id, f.deleted_at, f.size, CONCAT(fp.path, '/', f.filepath), IF(f.is_physical = 1 AND f.is_folder = 1, CONCAT(fp.path, '/', f.filepath), fp.actual_path) as actual_path FROM file_path AS fp JOIN files AS f ON fp.id = f.parent_id ) SELECT fpv.* FROM file_path as fpv WHERE fpv.is_folder = 1  AND fpv.client_id = '2'  AND fpv.company_id = '4287'  AND fpv.deleted_at IS NULL  ORDER BY fpv.id ASC,is_folder DESC,filename ASC"}
{"level":"info","message":"File uploaded successfully. ./public/uploads/files/2/AiN2o8ir8wd/oDDJVd4KjYL/AFBbZVBlvHB/NaFXBmOG.xlsx"}
{"level":"info","message":"file deleted successfully"}
{"level":"info","message":"SELECT t.id,t.task_id,t.is_completed,t.deleted_at, t.title,t.note,t.user_profile_id,t.status_id,t.category_id,t.company_id,t.user_profile_id,t.deleted_by,c.name as company_name, c.logo as company_logo, c.initials as company_initials, c.fontcolor as company_fontcolor, c.bgcolor as company_bgcolor, ca.name as category_name, ca.background_color as category_color,up.name as accountant_name, up.photo as accountant_photo, up.initials, up.fontcolor, up.bgcolor, s.status,s.state,upr.name as accountantName, upr.photo as accountantPhoto, upr.initials as deleteInitials, upr.fontcolor as fontColor, upr.bgcolor as bgColor,  s.color_code,ta.is_repeat as is_repeat,ta.task_date as task_start_date, DATE_FORMAT(t.date_delete, '%Y-%m-%d') as deletedAt, ta.repeat_end as task_end_date, ta.repeat_string, ta.repeat_freq, ta.task_ref_id, DATE_FORMAT(t.task_date, '%Y-%m-%d') AS task_date,DATE_FORMAT(t.delete_on, '%d.%m.%Y %H:%i') AS delete_on FROM `task_details` as t LEFT JOIN tasks AS ta on t.task_id = ta.id AND t.task_id IS NOT NULL LEFT JOIN companies AS c on t.company_id = c.id AND t.company_id IS NOT NULL LEFT JOIN categories AS ca on t.category_id = ca.id AND t.category_id IS NOT NULL LEFT JOIN user_profile AS up on t.user_profile_id = up.id AND t.user_profile_id IS NOT NULL LEFT JOIN user_profile AS upr on t.deleted_by = upr.id  LEFT JOIN statuses AS s on t.status_id = s.id AND t.status_id != '' WHERE t.deleted_at IS NULL AND t.task_id = :task_id AND DATE_FORMAT(t.task_date, '%Y-%m-%d') IN (:all_dates)  ORDER BY t.task_date ASC"}
{"level":"info","message":"SELECT t.id,t.task_id,t.is_completed,t.deleted_at, t.title,t.note,t.user_profile_id,t.status_id,t.category_id,t.company_id,t.user_profile_id, t.deleted_by,c.name as company_name, c.logo as company_logo,c.initials as company_initials, c.fontcolor as company_fontcolor, c.bgcolor as company_bgcolor, ca.name as category_name, ca.background_color as category_color,up.name as accountant_name, up.photo as accountant_photo, up.initials, up.fontcolor, up.bgcolor, s.status,s.state, DATE_FORMAT(t.date_delete, '%Y-%m-%d') as deletedAt,upr.name as accountantName, upr.photo as accountantPhoto, upr.initials as deleteInitials, upr.fontcolor as fontColor, upr.bgcolor as bgColor,  s.color_code,ta.is_repeat as is_repeat,ta.task_date as task_start_date, ta.repeat_end as task_end_date, ta.repeat_string, ta.repeat_freq, ta.task_ref_id, DATE_FORMAT(t.task_date, '%Y-%m-%d') AS task_date,DATE_FORMAT(t.delete_on, '%d.%m.%Y %H:%i') AS delete_on FROM `task_details` as t LEFT JOIN tasks AS ta on t.task_id = ta.id AND t.task_id IS NOT NULL LEFT JOIN companies AS c on t.company_id = c.id AND t.company_id IS NOT NULL LEFT JOIN categories AS ca on t.category_id = ca.id AND t.category_id IS NOT NULL LEFT JOIN user_profile AS up on t.user_profile_id = up.id AND t.user_profile_id IS NOT NULL LEFT JOIN user_profile AS upr on t.deleted_by = upr.id  LEFT JOIN statuses AS s on t.status_id = s.id AND t.status_id != '' WHERE t.deleted_at IS NULL AND t.task_id = :task_id AND DATE_FORMAT(t.task_date, '%Y-%m-%d') IN (:all_dates)  AND t.id=:task_detail_id  ORDER BY t.task_date ASC"}
