{"level":"info","message":"Connection has been established successfully."}
{"level":"info","message":"A user connected..."}
{"level":"info","message":"A user connected..."}
{"level":"info","message":"a user disconnected!"}
{"level":"info","message":"a user disconnected!"}
{"level":"info","message":"A user connected..."}
{"level":"info","message":"========== { maintenance: false, status: 'not_started' } =========="}
{"level":"info","message":"A user connected..."}
{"level":"info","message":"========== { maintenance: false, status: 'not_started' } =========="}
{"level":"info","message":"A user connected..."}
{"level":"info","message":"A user connected..."}
{"level":"info","message":"A user connected..."}
{"level":"info","message":"========== { maintenance: false, status: 'not_started' } =========="}
{"level":"info","message":"a user disconnected!"}
{"level":"info","message":"a user disconnected!"}
{"level":"info","message":"A user connected..."}
{"level":"info","message":"A user connected..."}
{"level":"info","message":"A user connected..."}
{"level":"info","message":"========== { maintenance: false, status: 'not_started' } =========="}
{"level":"info","message":"A user connected..."}
{"level":"info","message":"========== { maintenance: false, status: 'not_started' } =========="}
{"level":"info","message":"A user connected..."}
{"level":"info","message":"========== { maintenance: false, status: 'not_started' } =========="}
{"level":"info","message":"A user connected..."}
{"level":"info","message":"========== { maintenance: false, status: 'not_started' } =========="}
{"level":"info","message":"A user connected..."}
{"level":"info","message":"A user connected..."}
{"level":"info","message":"Connection has been established successfully."}
{"level":"info","message":"A user connected..."}
{"level":"info","message":"A user connected..."}
{"level":"info","message":"A user connected..."}
{"level":"info","message":"A user connected..."}
{"level":"info","message":"a user disconnected!"}
{"level":"info","message":"a user disconnected!"}
{"level":"info","message":"a user disconnected!"}
{"level":"info","message":"a user disconnected!"}
{"level":"info","message":"A user connected..."}
{"level":"info","message":"A user connected..."}
{"level":"info","message":"========== { maintenance: false, status: 'not_started' } =========="}
{"level":"info","message":"========== { maintenance: false, status: 'not_started' } =========="}
{"level":"info","message":"A user connected..."}
{"level":"info","message":"A user connected..."}
{"level":"info","message":"A user connected..."}
{"level":"info","message":"A user connected..."}
{"level":"info","message":"========== { maintenance: false, status: 'not_started' } =========="}
{"level":"info","message":"A user connected..."}
{"level":"info","message":"========== { maintenance: false, status: 'not_started' } =========="}
{"level":"info","message":"A user connected..."}
{"level":"info","message":"a user disconnected!"}
{"level":"info","message":"a user disconnected!"}
{"level":"info","message":"a user disconnected!"}
{"level":"info","message":"a user disconnected!"}
{"level":"info","message":"A user connected..."}
{"level":"info","message":"========== { maintenance: false, status: 'not_started' } =========="}
{"level":"info","message":"A user connected..."}
{"level":"info","message":"A user connected..."}
{"level":"info","message":"A user connected..."}
{"level":"info","message":"========== { maintenance: false, status: 'not_started' } =========="}
{"level":"info","message":"A user connected..."}
{"level":"info","message":"A user connected..."}
{"level":"info","message":"A user connected..."}
{"level":"info","message":"========== { maintenance: false, status: 'not_started' } =========="}
{"level":"info","message":"========== { maintenance: false, status: 'not_started' } =========="}
{"level":"info","message":"A user connected..."}
{"level":"info","message":"Connection has been established successfully."}
{"level":"info","message":"A user connected..."}
{"level":"info","message":"A user connected..."}
{"level":"info","message":"A user connected..."}
{"level":"info","message":"A user connected..."}
{"level":"info","message":"Connection has been established successfully."}
{"level":"info","message":"A user connected..."}
{"level":"info","message":"A user connected..."}
{"level":"info","message":"A user connected..."}
{"level":"info","message":"A user connected..."}
{"level":"info","message":"a user disconnected!"}
{"level":"info","message":"a user disconnected!"}
{"level":"info","message":"a user disconnected!"}
{"level":"info","message":"a user disconnected!"}
{"level":"info","message":"A user connected..."}
{"level":"info","message":"A user connected..."}
{"level":"info","message":"A user connected..."}
{"level":"info","message":"========== { maintenance: false, status: 'not_started' } =========="}
{"level":"info","message":"A user connected..."}
{"level":"info","message":"A user connected..."}
{"level":"info","message":"A user connected..."}
{"level":"info","message":"========== { maintenance: false, status: 'not_started' } =========="}
{"level":"info","message":"A user connected..."}
{"level":"info","message":"========== { maintenance: false, status: 'not_started' } =========="}
{"level":"info","message":"A user connected..."}
{"level":"info","message":"========== { maintenance: false, status: 'not_started' } =========="}
{"level":"info","message":"Connection has been established successfully."}
{"level":"info","message":"A user connected..."}
{"level":"info","message":"A user connected..."}
{"level":"info","message":"A user connected..."}
{"level":"info","message":"A user connected..."}
{"level":"info","message":"Connection has been established successfully."}
{"level":"info","message":"A user connected..."}
{"level":"info","message":"A user connected..."}
{"level":"info","message":"A user connected..."}
{"level":"info","message":"A user connected..."}
{"level":"info","message":"a user disconnected!"}
{"level":"info","message":"a user disconnected!"}
{"level":"info","message":"a user disconnected!"}
{"level":"info","message":"a user disconnected!"}
{"level":"info","message":"A user connected..."}
{"level":"info","message":"A user connected..."}
{"level":"info","message":"A user connected..."}
{"level":"info","message":"========== { maintenance: false, status: 'not_started' } =========="}
{"level":"info","message":"A user connected..."}
{"level":"info","message":"A user connected..."}
{"level":"info","message":"A user connected..."}
{"level":"info","message":"========== { maintenance: false, status: 'not_started' } =========="}
{"level":"info","message":"A user connected..."}
{"level":"info","message":"========== { maintenance: false, status: 'not_started' } =========="}
{"level":"info","message":"A user connected..."}
{"level":"info","message":"========== { maintenance: false, status: 'not_started' } =========="}
{"level":"info","message":"A user connected..."}
{"level":"info","message":"========== { maintenance: false, status: 'not_started' } =========="}
{"level":"info","message":"A user connected..."}
{"level":"info","message":"========== { maintenance: false, status: 'not_started' } =========="}
{"level":"info","message":"A user connected..."}
{"level":"info","message":"========== { maintenance: false, status: 'not_started' } =========="}
{"level":"info","message":"a user disconnected!"}
{"level":"info","message":"a user disconnected!"}
{"level":"info","message":"A user connected..."}
{"level":"info","message":"========== { maintenance: false, status: 'not_started' } =========="}
{"level":"info","message":"A user connected..."}
{"level":"info","message":"========== { maintenance: false, status: 'not_started' } =========="}
{"level":"info","message":"A user connected..."}
{"level":"info","message":"A user connected..."}
{"level":"info","message":"A user connected..."}
{"level":"info","message":"========== { maintenance: false, status: 'not_started' } =========="}
{"level":"info","message":"A user connected..."}
{"level":"info","message":"========== { maintenance: false, status: 'not_started' } =========="}
{"level":"info","message":"A user connected..."}
{"level":"info","message":"========== { maintenance: false, status: 'not_started' } =========="}
{"level":"info","message":"A user connected..."}
{"level":"info","message":"========== { maintenance: false, status: 'not_started' } =========="}
{"level":"info","message":"A user connected..."}
{"level":"info","message":"========== { maintenance: false, status: 'not_started' } =========="}
{"level":"info","message":"A user connected..."}
{"level":"info","message":"========== { maintenance: false, status: 'not_started' } =========="}
{"level":"info","message":"A user connected..."}
{"level":"info","message":"========== { maintenance: false, status: 'not_started' } =========="}
{"level":"info","message":"A user connected..."}
{"level":"info","message":"========== { maintenance: false, status: 'not_started' } =========="}
{"level":"info","message":"a user disconnected!"}
{"level":"info","message":"a user disconnected!"}
{"level":"info","message":"A user connected..."}
{"level":"info","message":"A user connected..."}
{"level":"info","message":"========== { maintenance: false, status: 'not_started' } =========="}
{"level":"info","message":"A user connected..."}
{"level":"info","message":"========== { maintenance: false, status: 'not_started' } =========="}
{"level":"info","message":"A user connected..."}
{"level":"info","message":"A user connected..."}
{"level":"info","message":"========== { maintenance: false, status: 'not_started' } =========="}
{"level":"info","message":"A user connected..."}
{"level":"info","message":"========== { maintenance: false, status: 'not_started' } =========="}
{"level":"info","message":"A user connected..."}
{"level":"info","message":"========== { maintenance: false, status: 'not_started' } =========="}
{"level":"info","message":"A user connected..."}
{"level":"info","message":"========== { maintenance: false, status: 'not_started' } =========="}
{"level":"info","message":"Connection has been established successfully."}
{"level":"info","message":"A user connected..."}
{"level":"info","message":"A user connected..."}
{"level":"info","message":"========== { maintenance: false, status: 'not_started' } =========="}
{"level":"info","message":"A user connected..."}
{"level":"info","message":"A user connected..."}
{"level":"info","message":"A user connected..."}
{"level":"info","message":"Connection has been established successfully."}
{"level":"info","message":"A user connected..."}
{"level":"info","message":"A user connected..."}
{"level":"info","message":"A user connected..."}
{"level":"info","message":"A user connected..."}
{"level":"info","message":"a user disconnected!"}
{"level":"info","message":"a user disconnected!"}
{"level":"info","message":"A user connected..."}
{"level":"info","message":"========== { maintenance: false, status: 'not_started' } =========="}
{"level":"info","message":"A user connected..."}
{"level":"info","message":"========== { maintenance: false, status: 'not_started' } =========="}
{"level":"info","message":"A user connected..."}
{"level":"info","message":"A user connected..."}
{"level":"info","message":"Upload error: file undefined-------------photo"}
{"level":"info","message":"========== { client_id: 26, loadData: false } =========="}
{"level":"info","message":"A user connected..."}
{"level":"info","message":"========== { maintenance: false, status: 'not_started' } =========="}
{"level":"info","message":"========== { client_id: 26, loadData: true } =========="}
{"level":"info","message":"========== { client_id: 26, loadData: true } =========="}
{"level":"info","message":"A user connected..."}
{"level":"info","message":"========== { maintenance: false, status: 'not_started' } =========="}
{"level":"info","message":"A user connected..."}
{"level":"info","message":"========== { maintenance: false, status: 'not_started' } =========="}
{"level":"info","message":"a user disconnected!"}
{"level":"info","message":"a user disconnected!"}
{"level":"info","message":"a user disconnected!"}
{"level":"info","message":"a user disconnected!"}
{"level":"info","message":"A user connected..."}
{"level":"info","message":"A user connected..."}
{"level":"info","message":"========== { maintenance: false, status: 'not_started' } =========="}
{"level":"info","message":"========== { maintenance: false, status: 'not_started' } =========="}
{"level":"info","message":"A user connected..."}
{"level":"info","message":"A user connected..."}
{"level":"info","message":"========== { maintenance: false, status: 'not_started' } =========="}
{"level":"info","message":"A user connected..."}
{"level":"info","message":"========== { maintenance: false, status: 'not_started' } =========="}
{"level":"info","message":"A user connected..."}
{"level":"info","message":"A user connected..."}
{"level":"info","message":"A user connected..."}
{"level":"info","message":"a user disconnected!"}
{"level":"info","message":"a user disconnected!"}
{"level":"info","message":"a user disconnected!"}
{"level":"info","message":"a user disconnected!"}
{"level":"info","message":"A user connected..."}
{"level":"info","message":"A user connected..."}
{"level":"info","message":"========== { maintenance: false, status: 'not_started' } =========="}
{"level":"info","message":"========== { maintenance: false, status: 'not_started' } =========="}
{"level":"info","message":"A user connected..."}
{"level":"info","message":"A user connected..."}
{"level":"info","message":"========== { maintenance: false, status: 'not_started' } =========="}
{"level":"info","message":"A user connected..."}
{"level":"info","message":"========== { maintenance: false, status: 'not_started' } =========="}
{"level":"info","message":"A user connected..."}
{"level":"info","message":"A user connected..."}
{"level":"info","message":"A user connected..."}
{"level":"info","message":"a user disconnected!"}
{"level":"info","message":"a user disconnected!"}
{"level":"info","message":"a user disconnected!"}
{"level":"info","message":"a user disconnected!"}
{"level":"info","message":"A user connected..."}
{"level":"info","message":"A user connected..."}
{"level":"info","message":"A user connected..."}
{"level":"info","message":"A user connected..."}
{"level":"info","message":"a user disconnected!"}
{"level":"info","message":"a user disconnected!"}
{"level":"info","message":"a user disconnected!"}
{"level":"info","message":"a user disconnected!"}
{"level":"info","message":"A user connected..."}
{"level":"info","message":"========== { maintenance: false, status: 'not_started' } =========="}
{"level":"info","message":"A user connected..."}
{"level":"info","message":"========== { maintenance: false, status: 'not_started' } =========="}
{"level":"info","message":"Connection has been established successfully."}
{"level":"info","message":"A user connected..."}
{"level":"info","message":"A user connected..."}
{"level":"info","message":"A user connected..."}
{"level":"info","message":"A user connected..."}
{"level":"info","message":"a user disconnected!"}
{"level":"info","message":"a user disconnected!"}
{"level":"info","message":"a user disconnected!"}
{"level":"info","message":"a user disconnected!"}
{"level":"info","message":"A user connected..."}
{"level":"info","message":"A user connected..."}
{"level":"info","message":"A user connected..."}
{"level":"info","message":"========== { maintenance: false, status: 'not_started' } =========="}
{"level":"info","message":"========== { maintenance: false, status: 'not_started' } =========="}
{"level":"info","message":"A user connected..."}
{"level":"info","message":"A user connected..."}
{"level":"info","message":"========== { maintenance: false, status: 'not_started' } =========="}
{"level":"info","message":"========== { maintenance: false, status: 'not_started' } =========="}
{"level":"info","message":"A user connected..."}
{"level":"info","message":"A user connected..."}
{"level":"info","message":"A user connected..."}
{"level":"info","message":"a user disconnected!"}
{"level":"info","message":"a user disconnected!"}
{"level":"info","message":"A user connected..."}
{"level":"info","message":"========== { maintenance: false, status: 'not_started' } =========="}
{"level":"info","message":"A user connected..."}
{"level":"info","message":"========== { maintenance: false, status: 'not_started' } =========="}
{"level":"info","message":"A user connected..."}
{"level":"info","message":"A user connected..."}
{"level":"info","message":"A user connected..."}
{"level":"info","message":"========== { maintenance: false, status: 'not_started' } =========="}
{"level":"info","message":"A user connected..."}
{"level":"info","message":"========== { maintenance: false, status: 'not_started' } =========="}
{"level":"info","message":"a user disconnected!"}
{"level":"info","message":"a user disconnected!"}
{"level":"info","message":"A user connected..."}
{"level":"info","message":"A user connected..."}
{"level":"info","message":"A user connected..."}
{"level":"info","message":"========== { maintenance: false, status: 'not_started' } =========="}
{"level":"info","message":"A user connected..."}
{"level":"info","message":"========== { maintenance: false, status: 'not_started' } =========="}
{"level":"info","message":"A user connected..."}
{"level":"info","message":"========== { maintenance: false, status: 'not_started' } =========="}
{"level":"info","message":">>>>>>>>>>>>>>>>>query SELECT iel.id,ia.client_id,iel.integration_id, iel.module_name, iel.module_id, iel.note, iel.type,  DATE_FORMAT(iel.created_at, '%d.%m.%Y') as created_at FROM `integration_error_logs` as iel LEFT JOIN integration_auth as ia on ia.id = iel.integration_id WHERE iel.deleted_at IS NULL AND ia.client_id = :client_id ORDER BY iel.module_name desc "}
{"level":"info","message":"A user connected..."}
{"level":"info","message":"========== { maintenance: false, status: 'not_started' } =========="}
{"level":"info","message":"A user connected..."}
{"level":"info","message":"========== { maintenance: false, status: 'not_started' } =========="}
{"level":"info","message":"A user connected..."}
{"level":"info","message":"========== { maintenance: false, status: 'not_started' } =========="}
{"level":"info","message":">>>>>>>>>>>>>>>>>query SELECT COUNT(iel.id) as count FROM integration_error_logs as iel LEFT JOIN integration_auth as ia on ia.id = iel.integration_id WHERE iel.deleted_at IS NULL AND ia.client_id = :client_id ORDER BY iel.created_at desc "}
{"level":"info","message":">>>>>>>>>>>>>>>>>query SELECT iel.id,ia.client_id,iel.integration_id, iel.module_name, iel.module_id, iel.note, iel.type,  DATE_FORMAT(iel.created_at, '%d.%m.%Y') as created_at FROM `integration_error_logs` as iel LEFT JOIN integration_auth as ia on ia.id = iel.integration_id WHERE iel.deleted_at IS NULL AND ia.client_id = :client_id ORDER BY iel.created_at desc "}
{"level":"info","message":">>>>>>>>>>>>>>>>>query SELECT COUNT(iel.id) as count FROM integration_error_logs as iel LEFT JOIN integration_auth as ia on ia.id = iel.integration_id WHERE iel.deleted_at IS NULL AND ia.client_id = :client_id AND iel.created_at >= :start_date ORDER BY iel.created_at desc "}
{"level":"info","message":">>>>>>>>>>>>>>>>>query SELECT iel.id,ia.client_id,iel.integration_id, iel.module_name, iel.module_id, iel.note, iel.type,  DATE_FORMAT(iel.created_at, '%d.%m.%Y') as created_at FROM `integration_error_logs` as iel LEFT JOIN integration_auth as ia on ia.id = iel.integration_id WHERE iel.deleted_at IS NULL AND ia.client_id = :client_id AND iel.created_at >= :start_date ORDER BY iel.created_at desc "}
{"level":"info","message":">>>>>>>>>>>>>>>>>query SELECT COUNT(iel.id) as count FROM integration_error_logs as iel LEFT JOIN integration_auth as ia on ia.id = iel.integration_id WHERE iel.deleted_at IS NULL AND ia.client_id = :client_id AND iel.created_at >= :start_date AND iel.created_at <= :end_date ORDER BY iel.created_at desc "}
{"level":"info","message":">>>>>>>>>>>>>>>>>query SELECT iel.id,ia.client_id,iel.integration_id, iel.module_name, iel.module_id, iel.note, iel.type,  DATE_FORMAT(iel.created_at, '%d.%m.%Y') as created_at FROM `integration_error_logs` as iel LEFT JOIN integration_auth as ia on ia.id = iel.integration_id WHERE iel.deleted_at IS NULL AND ia.client_id = :client_id AND iel.created_at >= :start_date AND iel.created_at <= :end_date ORDER BY iel.created_at desc "}
{"level":"info","message":">>>>>>>>>>>>>>>>>query SELECT COUNT(iel.id) as count FROM integration_error_logs as iel LEFT JOIN integration_auth as ia on ia.id = iel.integration_id WHERE iel.deleted_at IS NULL AND ia.client_id = :client_id AND iel.created_at >= :start_date ORDER BY iel.created_at desc "}
{"level":"info","message":">>>>>>>>>>>>>>>>>query SELECT iel.id,ia.client_id,iel.integration_id, iel.module_name, iel.module_id, iel.note, iel.type,  DATE_FORMAT(iel.created_at, '%d.%m.%Y') as created_at FROM `integration_error_logs` as iel LEFT JOIN integration_auth as ia on ia.id = iel.integration_id WHERE iel.deleted_at IS NULL AND ia.client_id = :client_id AND iel.created_at >= :start_date ORDER BY iel.created_at desc "}
{"level":"info","message":">>>>>>>>>>>>>>>>>query SELECT COUNT(iel.id) as count FROM integration_error_logs as iel LEFT JOIN integration_auth as ia on ia.id = iel.integration_id WHERE iel.deleted_at IS NULL AND ia.client_id = :client_id ORDER BY iel.created_at desc "}
{"level":"info","message":">>>>>>>>>>>>>>>>>query SELECT iel.id,ia.client_id,iel.integration_id, iel.module_name, iel.module_id, iel.note, iel.type,  DATE_FORMAT(iel.created_at, '%d.%m.%Y') as created_at FROM `integration_error_logs` as iel LEFT JOIN integration_auth as ia on ia.id = iel.integration_id WHERE iel.deleted_at IS NULL AND ia.client_id = :client_id ORDER BY iel.created_at desc "}
{"level":"info","message":">>>>>>>>>>>>>>>>>query SELECT COUNT(iel.id) as count FROM integration_error_logs as iel LEFT JOIN integration_auth as ia on ia.id = iel.integration_id WHERE iel.deleted_at IS NULL AND ia.client_id = :client_id AND iel.created_at >= :start_date ORDER BY iel.created_at desc "}
{"level":"info","message":">>>>>>>>>>>>>>>>>query SELECT iel.id,ia.client_id,iel.integration_id, iel.module_name, iel.module_id, iel.note, iel.type,  DATE_FORMAT(iel.created_at, '%d.%m.%Y') as created_at FROM `integration_error_logs` as iel LEFT JOIN integration_auth as ia on ia.id = iel.integration_id WHERE iel.deleted_at IS NULL AND ia.client_id = :client_id AND iel.created_at >= :start_date ORDER BY iel.created_at desc "}
{"level":"info","message":">>>>>>>>>>>>>>>>>query SELECT COUNT(iel.id) as count FROM integration_error_logs as iel LEFT JOIN integration_auth as ia on ia.id = iel.integration_id WHERE iel.deleted_at IS NULL AND ia.client_id = :client_id AND iel.created_at >= :start_date AND iel.created_at <= :end_date ORDER BY iel.created_at desc "}
{"level":"info","message":">>>>>>>>>>>>>>>>>query SELECT iel.id,ia.client_id,iel.integration_id, iel.module_name, iel.module_id, iel.note, iel.type,  DATE_FORMAT(iel.created_at, '%d.%m.%Y') as created_at FROM `integration_error_logs` as iel LEFT JOIN integration_auth as ia on ia.id = iel.integration_id WHERE iel.deleted_at IS NULL AND ia.client_id = :client_id AND iel.created_at >= :start_date AND iel.created_at <= :end_date ORDER BY iel.created_at desc "}
{"level":"info","message":">>>>>>>>>>>>>>>>>query SELECT COUNT(iel.id) as count FROM integration_error_logs as iel LEFT JOIN integration_auth as ia on ia.id = iel.integration_id WHERE iel.deleted_at IS NULL AND ia.client_id = :client_id AND iel.created_at >= :start_date AND iel.created_at <= :end_date ORDER BY iel.created_at desc "}
{"level":"info","message":">>>>>>>>>>>>>>>>>query SELECT iel.id,ia.client_id,iel.integration_id, iel.module_name, iel.module_id, iel.note, iel.type,  DATE_FORMAT(iel.created_at, '%d.%m.%Y') as created_at FROM `integration_error_logs` as iel LEFT JOIN integration_auth as ia on ia.id = iel.integration_id WHERE iel.deleted_at IS NULL AND ia.client_id = :client_id AND iel.created_at >= :start_date AND iel.created_at <= :end_date ORDER BY iel.created_at desc "}
{"level":"info","message":">>>>>>>>>>>>>>>>>query SELECT COUNT(iel.id) as count FROM integration_error_logs as iel LEFT JOIN integration_auth as ia on ia.id = iel.integration_id WHERE iel.deleted_at IS NULL AND ia.client_id = :client_id AND iel.created_at >= :start_date ORDER BY iel.created_at desc "}
{"level":"info","message":">>>>>>>>>>>>>>>>>query SELECT iel.id,ia.client_id,iel.integration_id, iel.module_name, iel.module_id, iel.note, iel.type,  DATE_FORMAT(iel.created_at, '%d.%m.%Y') as created_at FROM `integration_error_logs` as iel LEFT JOIN integration_auth as ia on ia.id = iel.integration_id WHERE iel.deleted_at IS NULL AND ia.client_id = :client_id AND iel.created_at >= :start_date ORDER BY iel.created_at desc "}
{"level":"info","message":">>>>>>>>>>>>>>>>>query SELECT COUNT(iel.id) as count FROM integration_error_logs as iel LEFT JOIN integration_auth as ia on ia.id = iel.integration_id WHERE iel.deleted_at IS NULL AND ia.client_id = :client_id ORDER BY iel.created_at desc "}
{"level":"info","message":">>>>>>>>>>>>>>>>>query SELECT iel.id,ia.client_id,iel.integration_id, iel.module_name, iel.module_id, iel.note, iel.type,  DATE_FORMAT(iel.created_at, '%d.%m.%Y') as created_at FROM `integration_error_logs` as iel LEFT JOIN integration_auth as ia on ia.id = iel.integration_id WHERE iel.deleted_at IS NULL AND ia.client_id = :client_id ORDER BY iel.created_at desc "}
{"level":"info","message":"A user connected..."}
{"level":"info","message":"========== { maintenance: false, status: 'not_started' } =========="}
{"level":"info","message":"A user connected..."}
{"level":"info","message":"========== { maintenance: false, status: 'not_started' } =========="}
{"level":"info","message":"A user connected..."}
{"level":"info","message":"========== { maintenance: false, status: 'not_started' } =========="}
{"level":"info","message":">>>>>>>>>>>>>>>>>query SELECT COUNT(iel.id) as count FROM integration_error_logs as iel LEFT JOIN integration_auth as ia on ia.id = iel.integration_id WHERE iel.deleted_at IS NULL AND ia.client_id = :client_id ORDER BY iel.created_at desc "}
{"level":"info","message":">>>>>>>>>>>>>>>>>query SELECT iel.id,ia.client_id,iel.integration_id, iel.module_name, iel.module_id, iel.note, iel.type,  DATE_FORMAT(iel.created_at, '%d.%m.%Y') as created_at FROM `integration_error_logs` as iel LEFT JOIN integration_auth as ia on ia.id = iel.integration_id WHERE iel.deleted_at IS NULL AND ia.client_id = :client_id ORDER BY iel.created_at desc "}
{"level":"info","message":">>>>>>>>>>>>>>>>>query SELECT COUNT(iel.id) as count FROM integration_error_logs as iel LEFT JOIN integration_auth as ia on ia.id = iel.integration_id WHERE iel.deleted_at IS NULL AND ia.client_id = :client_id AND ( LOWER(CONCAT(iel.module_name, ' ',iel.module_id,' ',iel.type)) like '%s%' ) ORDER BY iel.module_name desc "}
{"level":"info","message":">>>>>>>>>>>>>>>>>query SELECT iel.id,ia.client_id,iel.integration_id, iel.module_name, iel.module_id, iel.note, iel.type,  DATE_FORMAT(iel.created_at, '%d.%m.%Y') as created_at FROM `integration_error_logs` as iel LEFT JOIN integration_auth as ia on ia.id = iel.integration_id WHERE iel.deleted_at IS NULL AND ia.client_id = :client_id AND ( LOWER(CONCAT(iel.module_name, ' ',iel.module_id,' ',iel.type)) like '%s%' ) ORDER BY iel.module_name desc "}
{"level":"info","message":">>>>>>>>>>>>>>>>>query SELECT COUNT(iel.id) as count FROM integration_error_logs as iel LEFT JOIN integration_auth as ia on ia.id = iel.integration_id WHERE iel.deleted_at IS NULL AND ia.client_id = :client_id ORDER BY iel.module_name desc "}
{"level":"info","message":">>>>>>>>>>>>>>>>>query SELECT iel.id,ia.client_id,iel.integration_id, iel.module_name, iel.module_id, iel.note, iel.type,  DATE_FORMAT(iel.created_at, '%d.%m.%Y') as created_at FROM `integration_error_logs` as iel LEFT JOIN integration_auth as ia on ia.id = iel.integration_id WHERE iel.deleted_at IS NULL AND ia.client_id = :client_id ORDER BY iel.module_name desc "}
{"level":"info","message":">>>>>>>>>>>>>>>>>query SELECT COUNT(iel.id) as count FROM integration_error_logs as iel LEFT JOIN integration_auth as ia on ia.id = iel.integration_id WHERE iel.deleted_at IS NULL AND ia.client_id = :client_id AND ( LOWER(CONCAT(iel.module_name, ' ',iel.module_id,' ',iel.type)) like '%v%' ) ORDER BY iel.module_name desc "}
{"level":"info","message":">>>>>>>>>>>>>>>>>query SELECT iel.id,ia.client_id,iel.integration_id, iel.module_name, iel.module_id, iel.note, iel.type,  DATE_FORMAT(iel.created_at, '%d.%m.%Y') as created_at FROM `integration_error_logs` as iel LEFT JOIN integration_auth as ia on ia.id = iel.integration_id WHERE iel.deleted_at IS NULL AND ia.client_id = :client_id AND ( LOWER(CONCAT(iel.module_name, ' ',iel.module_id,' ',iel.type)) like '%v%' ) ORDER BY iel.module_name desc "}
{"level":"info","message":">>>>>>>>>>>>>>>>>query SELECT COUNT(iel.id) as count FROM integration_error_logs as iel LEFT JOIN integration_auth as ia on ia.id = iel.integration_id WHERE iel.deleted_at IS NULL AND ia.client_id = :client_id AND ( LOWER(CONCAT(iel.module_name, ' ',iel.module_id,' ',iel.type)) like '%vat%' ) ORDER BY iel.module_name desc "}
{"level":"info","message":">>>>>>>>>>>>>>>>>query SELECT iel.id,ia.client_id,iel.integration_id, iel.module_name, iel.module_id, iel.note, iel.type,  DATE_FORMAT(iel.created_at, '%d.%m.%Y') as created_at FROM `integration_error_logs` as iel LEFT JOIN integration_auth as ia on ia.id = iel.integration_id WHERE iel.deleted_at IS NULL AND ia.client_id = :client_id AND ( LOWER(CONCAT(iel.module_name, ' ',iel.module_id,' ',iel.type)) like '%vat%' ) ORDER BY iel.module_name desc "}
{"level":"info","message":">>>>>>>>>>>>>>>>>query SELECT COUNT(iel.id) as count FROM integration_error_logs as iel LEFT JOIN integration_auth as ia on ia.id = iel.integration_id WHERE iel.deleted_at IS NULL AND ia.client_id = :client_id AND ( LOWER(CONCAT(iel.module_name, ' ',iel.module_id,' ',iel.type)) like '%va%' ) ORDER BY iel.module_name desc "}
{"level":"info","message":">>>>>>>>>>>>>>>>>query SELECT iel.id,ia.client_id,iel.integration_id, iel.module_name, iel.module_id, iel.note, iel.type,  DATE_FORMAT(iel.created_at, '%d.%m.%Y') as created_at FROM `integration_error_logs` as iel LEFT JOIN integration_auth as ia on ia.id = iel.integration_id WHERE iel.deleted_at IS NULL AND ia.client_id = :client_id AND ( LOWER(CONCAT(iel.module_name, ' ',iel.module_id,' ',iel.type)) like '%va%' ) ORDER BY iel.module_name desc "}
{"level":"info","message":">>>>>>>>>>>>>>>>>query SELECT COUNT(iel.id) as count FROM integration_error_logs as iel LEFT JOIN integration_auth as ia on ia.id = iel.integration_id WHERE iel.deleted_at IS NULL AND ia.client_id = :client_id AND ( LOWER(CONCAT(iel.module_name, ' ',iel.module_id,' ',iel.type)) like '%v%' ) ORDER BY iel.module_name desc "}
{"level":"info","message":">>>>>>>>>>>>>>>>>query SELECT iel.id,ia.client_id,iel.integration_id, iel.module_name, iel.module_id, iel.note, iel.type,  DATE_FORMAT(iel.created_at, '%d.%m.%Y') as created_at FROM `integration_error_logs` as iel LEFT JOIN integration_auth as ia on ia.id = iel.integration_id WHERE iel.deleted_at IS NULL AND ia.client_id = :client_id AND ( LOWER(CONCAT(iel.module_name, ' ',iel.module_id,' ',iel.type)) like '%v%' ) ORDER BY iel.module_name desc "}
{"level":"info","message":">>>>>>>>>>>>>>>>>query SELECT COUNT(iel.id) as count FROM integration_error_logs as iel LEFT JOIN integration_auth as ia on ia.id = iel.integration_id WHERE iel.deleted_at IS NULL AND ia.client_id = :client_id ORDER BY iel.module_name desc "}
{"level":"info","message":">>>>>>>>>>>>>>>>>query SELECT iel.id,ia.client_id,iel.integration_id, iel.module_name, iel.module_id, iel.note, iel.type,  DATE_FORMAT(iel.created_at, '%d.%m.%Y') as created_at FROM `integration_error_logs` as iel LEFT JOIN integration_auth as ia on ia.id = iel.integration_id WHERE iel.deleted_at IS NULL AND ia.client_id = :client_id ORDER BY iel.module_name desc "}
{"level":"info","message":"A user connected..."}
{"level":"info","message":"========== { maintenance: false, status: 'not_started' } =========="}
{"level":"info","message":"A user connected..."}
{"level":"info","message":"========== { maintenance: false, status: 'not_started' } =========="}
{"level":"info","message":"A user connected..."}
{"level":"info","message":"========== { maintenance: false, status: 'not_started' } =========="}
{"level":"info","message":"A user connected..."}
{"level":"info","message":"========== { maintenance: false, status: 'not_started' } =========="}
{"level":"info","message":"A user connected..."}
{"level":"info","message":"========== { maintenance: false, status: 'not_started' } =========="}
{"level":"info","message":"A user connected..."}
{"level":"info","message":"========== { maintenance: false, status: 'not_started' } =========="}
{"level":"info","message":"A user connected..."}
{"level":"info","message":"========== { maintenance: false, status: 'not_started' } =========="}
{"level":"info","message":">>>>>>>>>>>>>>>>>query SELECT COUNT(iel.id) as count FROM integration_error_logs as iel LEFT JOIN integration_auth as ia on ia.id = iel.integration_id WHERE iel.deleted_at IS NULL AND ia.client_id = :client_id ORDER BY iel.created_at desc "}
{"level":"info","message":">>>>>>>>>>>>>>>>>query SELECT iel.id,ia.client_id,iel.integration_id, iel.module_name, iel.module_id, iel.note, iel.type,  DATE_FORMAT(iel.created_at, '%d.%m.%Y') as created_at FROM `integration_error_logs` as iel LEFT JOIN integration_auth as ia on ia.id = iel.integration_id WHERE iel.deleted_at IS NULL AND ia.client_id = :client_id ORDER BY iel.created_at desc "}
{"level":"info","message":"a user disconnected!"}
{"level":"info","message":"a user disconnected!"}
{"level":"info","message":"A user connected..."}
{"level":"info","message":"========== { maintenance: false, status: 'not_started' } =========="}
{"level":"info","message":"A user connected..."}
{"level":"info","message":"========== { maintenance: false, status: 'not_started' } =========="}
{"level":"info","message":"A user connected..."}
{"level":"info","message":"========== { maintenance: false, status: 'not_started' } =========="}
{"level":"info","message":"A user connected..."}
{"level":"info","message":"A user connected..."}
{"level":"info","message":"a user disconnected!"}
{"level":"info","message":"a user disconnected!"}
{"level":"info","message":"a user disconnected!"}
{"level":"info","message":"a user disconnected!"}
{"level":"info","message":"A user connected..."}
{"level":"info","message":"========== { maintenance: false, status: 'not_started' } =========="}
{"level":"info","message":"A user connected..."}
{"level":"info","message":"========== { maintenance: false, status: 'not_started' } =========="}
{"level":"info","message":">>>>>>>>>>>>>>>>>query SELECT COUNT(iel.id) as count FROM integration_error_logs as iel LEFT JOIN integration_auth as ia on ia.id = iel.integration_id WHERE iel.deleted_at IS NULL AND ia.client_id = :client_id ORDER BY iel.created_at desc "}
{"level":"info","message":">>>>>>>>>>>>>>>>>query SELECT iel.id,ia.client_id,iel.integration_id, iel.module_name, iel.module_id, iel.note, iel.type,  DATE_FORMAT(iel.created_at, '%d.%m.%Y') as created_at FROM `integration_error_logs` as iel LEFT JOIN integration_auth as ia on ia.id = iel.integration_id WHERE iel.deleted_at IS NULL AND ia.client_id = :client_id ORDER BY iel.created_at desc "}
{"level":"info","message":"A user connected..."}
{"level":"info","message":"A user connected..."}
{"level":"info","message":"a user disconnected!"}
{"level":"info","message":"a user disconnected!"}
{"level":"info","message":"A user connected..."}
{"level":"info","message":"========== { maintenance: false, status: 'not_started' } =========="}
{"level":"info","message":"A user connected..."}
{"level":"info","message":"A user connected..."}
{"level":"info","message":"A user connected..."}
{"level":"info","message":"A user connected..."}
{"level":"info","message":"========== { maintenance: false, status: 'not_started' } =========="}
{"level":"info","message":"========== { maintenance: false, status: 'not_started' } =========="}
{"level":"info","message":"A user connected..."}
{"level":"info","message":"========== { maintenance: false, status: 'not_started' } =========="}
